<?xml version="1.0" encoding="UTF-8"?>
<!-- Generated by org.testng.reporters.JUnitXMLReporter -->
<testsuite ignored="0" hostname="DESKTOP-ES31O09" failures="0" tests="8" name="Default test" time="15.544" errors="0" timestamp="2024-05-23T16:12:38 IST">
  <testcase classname="todoitems.TodoItemManagerTests" name="addTodoItemTest" time="0.605"/>
  <testcase classname="todoitems.TodoItemManagerTests" name="ToDoItemNotCompletedTest" time="0.078"/>
  <testcase classname="todoitems.TodoItemManagerTests" name="SetTodItemCompletedtatus" time="0.113"/>
  <testcase classname="todoitems.TodoItemManagerTests" name="FilterActiveTodoItemsTest" time="0.082"/>
  <testcase classname="todoitems.TodoItemManagerTests" name="DisplayAllTodoItemsTest" time="0.083"/>
  <testcase classname="todoitems.TodoItemManagerTests" name="DeleteToDoItemsWhichAreCompletedTest" time="0.068"/>
  <testcase classname="todoitems.TodoItemManagerTests" name="MarkAllTodoItemsCompletedTest" time="0.066"/>
  <testcase classname="todoitems.TodoItemManagerTests" name="DeleteAllTodoItemsTest" time="10.114"/>
</testsuite> <!-- Default test -->
