<?xml version="1.0" encoding="UTF-8"?>
<testng-results ignored="0" total="8" passed="8" failed="0" skipped="0">
  <reporter-output>
  </reporter-output>
  <suite started-at="2024-05-23T16:12:22 IST" name="Default suite" finished-at="2024-05-23T16:12:38 IST" duration-ms="15544">
    <groups>
    </groups>
    <test started-at="2024-05-23T16:12:22 IST" name="Default test" finished-at="2024-05-23T16:12:38 IST" duration-ms="15544">
      <class name="todoitems.TodoItemManagerTests">
        <test-method is-config="true" signature="setUp()[pri:0, instance:todoitems.TodoItemManagerTests@2ef3eef9]" started-at="2024-05-23T16:12:22 IST" name="setUp" finished-at="2024-05-23T16:12:26 IST" duration-ms="3876" status="PASS">
          <reporter-output>
          </reporter-output>
        </test-method> <!-- setUp -->
        <test-method signature="addTodoItemTest()[pri:1, instance:todoitems.TodoItemManagerTests@2ef3eef9]" started-at="2024-05-23T16:12:26 IST" name="addTodoItemTest" finished-at="2024-05-23T16:12:27 IST" duration-ms="605" status="PASS">
          <reporter-output>
          </reporter-output>
        </test-method> <!-- addTodoItemTest -->
        <test-method signature="ToDoItemNotCompletedTest()[pri:2, instance:todoitems.TodoItemManagerTests@2ef3eef9]" started-at="2024-05-23T16:12:27 IST" name="ToDoItemNotCompletedTest" finished-at="2024-05-23T16:12:27 IST" duration-ms="78" status="PASS">
          <reporter-output>
          </reporter-output>
        </test-method> <!-- ToDoItemNotCompletedTest -->
        <test-method signature="SetTodItemCompletedtatus()[pri:3, instance:todoitems.TodoItemManagerTests@2ef3eef9]" started-at="2024-05-23T16:12:27 IST" name="SetTodItemCompletedtatus" finished-at="2024-05-23T16:12:27 IST" duration-ms="113" status="PASS">
          <reporter-output>
          </reporter-output>
        </test-method> <!-- SetTodItemCompletedtatus -->
        <test-method signature="FilterActiveTodoItemsTest()[pri:4, instance:todoitems.TodoItemManagerTests@2ef3eef9]" started-at="2024-05-23T16:12:27 IST" name="FilterActiveTodoItemsTest" finished-at="2024-05-23T16:12:27 IST" duration-ms="82" status="PASS">
          <reporter-output>
          </reporter-output>
        </test-method> <!-- FilterActiveTodoItemsTest -->
        <test-method signature="DisplayAllTodoItemsTest()[pri:5, instance:todoitems.TodoItemManagerTests@2ef3eef9]" started-at="2024-05-23T16:12:27 IST" name="DisplayAllTodoItemsTest" finished-at="2024-05-23T16:12:27 IST" duration-ms="83" status="PASS">
          <reporter-output>
          </reporter-output>
        </test-method> <!-- DisplayAllTodoItemsTest -->
        <test-method signature="DeleteToDoItemsWhichAreCompletedTest()[pri:6, instance:todoitems.TodoItemManagerTests@2ef3eef9]" started-at="2024-05-23T16:12:27 IST" name="DeleteToDoItemsWhichAreCompletedTest" finished-at="2024-05-23T16:12:27 IST" duration-ms="68" status="PASS">
          <reporter-output>
          </reporter-output>
        </test-method> <!-- DeleteToDoItemsWhichAreCompletedTest -->
        <test-method signature="MarkAllTodoItemsCompletedTest()[pri:7, instance:todoitems.TodoItemManagerTests@2ef3eef9]" started-at="2024-05-23T16:12:27 IST" name="MarkAllTodoItemsCompletedTest" finished-at="2024-05-23T16:12:27 IST" duration-ms="66" status="PASS">
          <reporter-output>
          </reporter-output>
        </test-method> <!-- MarkAllTodoItemsCompletedTest -->
        <test-method signature="DeleteAllTodoItemsTest()[pri:8, instance:todoitems.TodoItemManagerTests@2ef3eef9]" started-at="2024-05-23T16:12:27 IST" name="DeleteAllTodoItemsTest" finished-at="2024-05-23T16:12:37 IST" duration-ms="10114" status="PASS">
          <reporter-output>
          </reporter-output>
        </test-method> <!-- DeleteAllTodoItemsTest -->
        <test-method is-config="true" signature="tearDown()[pri:0, instance:todoitems.TodoItemManagerTests@2ef3eef9]" started-at="2024-05-23T16:12:37 IST" name="tearDown" finished-at="2024-05-23T16:12:38 IST" duration-ms="393" status="PASS">
          <reporter-output>
          </reporter-output>
        </test-method> <!-- tearDown -->
      </class> <!-- todoitems.TodoItemManagerTests -->
    </test> <!-- Default test -->
  </suite> <!-- Default suite -->
</testng-results>
